mode: set
github.com/clawinfra/evoclaw/internal/channels/http_client.go:16.75,18.2 1 1
github.com/clawinfra/evoclaw/internal/channels/mqtt.go:41.100,50.60 1 1
github.com/clawinfra/evoclaw/internal/channels/mqtt.go:50.60,52.4 1 0
github.com/clawinfra/evoclaw/internal/channels/mqtt.go:57.162,68.2 1 1
github.com/clawinfra/evoclaw/internal/channels/mqtt.go:70.37,72.2 1 1
github.com/clawinfra/evoclaw/internal/channels/mqtt.go:74.56,83.22 6 1
github.com/clawinfra/evoclaw/internal/channels/mqtt.go:83.22,86.3 2 1
github.com/clawinfra/evoclaw/internal/channels/mqtt.go:88.2,95.63 6 1
github.com/clawinfra/evoclaw/internal/channels/mqtt.go:95.63,97.3 1 0
github.com/clawinfra/evoclaw/internal/channels/mqtt.go:100.2,100.47 1 1
github.com/clawinfra/evoclaw/internal/channels/mqtt.go:100.47,102.39 2 0
github.com/clawinfra/evoclaw/internal/channels/mqtt.go:102.39,104.4 1 0
github.com/clawinfra/evoclaw/internal/channels/mqtt.go:107.2,112.42 4 1
github.com/clawinfra/evoclaw/internal/channels/mqtt.go:112.42,114.3 1 1
github.com/clawinfra/evoclaw/internal/channels/mqtt.go:115.2,115.38 1 1
github.com/clawinfra/evoclaw/internal/channels/mqtt.go:115.38,117.3 1 1
github.com/clawinfra/evoclaw/internal/channels/mqtt.go:119.2,120.12 2 1
github.com/clawinfra/evoclaw/internal/channels/mqtt.go:123.36,126.47 2 1
github.com/clawinfra/evoclaw/internal/channels/mqtt.go:126.47,128.3 1 1
github.com/clawinfra/evoclaw/internal/channels/mqtt.go:130.2,130.21 1 1
github.com/clawinfra/evoclaw/internal/channels/mqtt.go:130.21,132.3 1 1
github.com/clawinfra/evoclaw/internal/channels/mqtt.go:134.2,136.12 3 1
github.com/clawinfra/evoclaw/internal/channels/mqtt.go:139.82,140.29 1 1
github.com/clawinfra/evoclaw/internal/channels/mqtt.go:140.29,142.3 1 1
github.com/clawinfra/evoclaw/internal/channels/mqtt.go:145.2,155.16 3 1
github.com/clawinfra/evoclaw/internal/channels/mqtt.go:155.16,157.3 1 0
github.com/clawinfra/evoclaw/internal/channels/mqtt.go:160.2,161.41 2 1
github.com/clawinfra/evoclaw/internal/channels/mqtt.go:161.41,163.3 1 1
github.com/clawinfra/evoclaw/internal/channels/mqtt.go:164.2,164.38 1 1
github.com/clawinfra/evoclaw/internal/channels/mqtt.go:164.38,166.3 1 1
github.com/clawinfra/evoclaw/internal/channels/mqtt.go:168.2,169.12 2 1
github.com/clawinfra/evoclaw/internal/channels/mqtt.go:172.61,174.2 1 1
github.com/clawinfra/evoclaw/internal/channels/mqtt.go:177.41,181.41 3 1
github.com/clawinfra/evoclaw/internal/channels/mqtt.go:181.41,183.3 1 1
github.com/clawinfra/evoclaw/internal/channels/mqtt.go:184.2,184.38 1 1
github.com/clawinfra/evoclaw/internal/channels/mqtt.go:184.38,186.3 1 0
github.com/clawinfra/evoclaw/internal/channels/mqtt.go:187.2,192.41 4 1
github.com/clawinfra/evoclaw/internal/channels/mqtt.go:192.41,194.3 1 0
github.com/clawinfra/evoclaw/internal/channels/mqtt.go:195.2,195.38 1 1
github.com/clawinfra/evoclaw/internal/channels/mqtt.go:195.38,197.3 1 1
github.com/clawinfra/evoclaw/internal/channels/mqtt.go:198.2,200.12 2 1
github.com/clawinfra/evoclaw/internal/channels/mqtt.go:204.79,215.68 3 1
github.com/clawinfra/evoclaw/internal/channels/mqtt.go:215.68,218.3 2 1
github.com/clawinfra/evoclaw/internal/channels/mqtt.go:220.2,231.25 2 1
github.com/clawinfra/evoclaw/internal/channels/mqtt.go:231.25,233.3 1 0
github.com/clawinfra/evoclaw/internal/channels/mqtt.go:234.2,236.9 2 1
github.com/clawinfra/evoclaw/internal/channels/mqtt.go:237.22,238.81 1 1
github.com/clawinfra/evoclaw/internal/channels/mqtt.go:239.22,240.9 1 0
github.com/clawinfra/evoclaw/internal/channels/mqtt.go:241.10,242.66 1 0
github.com/clawinfra/evoclaw/internal/channels/mqtt.go:247.78,259.67 3 1
github.com/clawinfra/evoclaw/internal/channels/mqtt.go:259.67,262.3 2 1
github.com/clawinfra/evoclaw/internal/channels/mqtt.go:264.2,268.3 1 1
github.com/clawinfra/evoclaw/internal/channels/mqtt.go:275.76,276.29 1 1
github.com/clawinfra/evoclaw/internal/channels/mqtt.go:276.29,278.3 1 1
github.com/clawinfra/evoclaw/internal/channels/mqtt.go:280.2,284.16 2 1
github.com/clawinfra/evoclaw/internal/channels/mqtt.go:284.16,286.3 1 0
github.com/clawinfra/evoclaw/internal/channels/mqtt.go:288.2,289.41 2 1
github.com/clawinfra/evoclaw/internal/channels/mqtt.go:289.41,291.3 1 0
github.com/clawinfra/evoclaw/internal/channels/mqtt.go:292.2,292.38 1 1
github.com/clawinfra/evoclaw/internal/channels/mqtt.go:292.38,294.3 1 1
github.com/clawinfra/evoclaw/internal/channels/mqtt.go:296.2,297.12 2 1
github.com/clawinfra/evoclaw/internal/channels/mqtt_client.go:22.50,24.2 1 1
github.com/clawinfra/evoclaw/internal/channels/mqtt_client.go:26.54,28.2 1 1
github.com/clawinfra/evoclaw/internal/channels/mqtt_client.go:30.108,32.2 1 1
github.com/clawinfra/evoclaw/internal/channels/mqtt_client.go:34.104,36.2 1 1
github.com/clawinfra/evoclaw/internal/channels/mqtt_client.go:38.48,40.2 1 1
github.com/clawinfra/evoclaw/internal/channels/telegram.go:36.73,42.2 1 1
github.com/clawinfra/evoclaw/internal/channels/telegram.go:45.102,52.2 1 1
github.com/clawinfra/evoclaw/internal/channels/telegram.go:54.41,56.2 1 1
github.com/clawinfra/evoclaw/internal/channels/telegram.go:58.60,62.40 2 1
github.com/clawinfra/evoclaw/internal/channels/telegram.go:62.40,64.3 1 0
github.com/clawinfra/evoclaw/internal/channels/telegram.go:67.2,71.12 4 1
github.com/clawinfra/evoclaw/internal/channels/telegram.go:74.40,76.21 2 1
github.com/clawinfra/evoclaw/internal/channels/telegram.go:76.21,78.3 1 1
github.com/clawinfra/evoclaw/internal/channels/telegram.go:79.2,81.12 3 1
github.com/clawinfra/evoclaw/internal/channels/telegram.go:84.86,89.23 4 1
github.com/clawinfra/evoclaw/internal/channels/telegram.go:89.23,91.3 1 1
github.com/clawinfra/evoclaw/internal/channels/telegram.go:93.2,95.16 3 1
github.com/clawinfra/evoclaw/internal/channels/telegram.go:95.16,97.3 1 0
github.com/clawinfra/evoclaw/internal/channels/telegram.go:99.2,102.16 3 1
github.com/clawinfra/evoclaw/internal/channels/telegram.go:102.16,104.3 1 0
github.com/clawinfra/evoclaw/internal/channels/telegram.go:105.2,107.38 2 1
github.com/clawinfra/evoclaw/internal/channels/telegram.go:107.38,110.3 2 1
github.com/clawinfra/evoclaw/internal/channels/telegram.go:112.2,113.12 2 1
github.com/clawinfra/evoclaw/internal/channels/telegram.go:116.65,118.2 1 1
github.com/clawinfra/evoclaw/internal/channels/telegram.go:121.47,124.16 3 1
github.com/clawinfra/evoclaw/internal/channels/telegram.go:124.16,126.3 1 0
github.com/clawinfra/evoclaw/internal/channels/telegram.go:128.2,129.16 2 1
github.com/clawinfra/evoclaw/internal/channels/telegram.go:129.16,131.3 1 1
github.com/clawinfra/evoclaw/internal/channels/telegram.go:132.2,134.38 2 1
github.com/clawinfra/evoclaw/internal/channels/telegram.go:134.38,137.3 2 1
github.com/clawinfra/evoclaw/internal/channels/telegram.go:139.2,147.67 2 1
github.com/clawinfra/evoclaw/internal/channels/telegram.go:147.67,149.3 1 0
github.com/clawinfra/evoclaw/internal/channels/telegram.go:151.2,151.16 1 1
github.com/clawinfra/evoclaw/internal/channels/telegram.go:151.16,153.3 1 1
github.com/clawinfra/evoclaw/internal/channels/telegram.go:155.2,156.12 2 1
github.com/clawinfra/evoclaw/internal/channels/telegram.go:160.38,165.6 3 1
github.com/clawinfra/evoclaw/internal/channels/telegram.go:165.6,166.10 1 1
github.com/clawinfra/evoclaw/internal/channels/telegram.go:167.23,169.10 2 1
github.com/clawinfra/evoclaw/internal/channels/telegram.go:170.11,171.39 1 1
github.com/clawinfra/evoclaw/internal/channels/telegram.go:171.39,174.12 2 0
github.com/clawinfra/evoclaw/internal/channels/telegram.go:175.25,176.12 1 0
github.com/clawinfra/evoclaw/internal/channels/telegram.go:177.40,177.40 0 0
github.com/clawinfra/evoclaw/internal/channels/telegram.go:185.44,194.16 7 1
github.com/clawinfra/evoclaw/internal/channels/telegram.go:194.16,196.3 1 0
github.com/clawinfra/evoclaw/internal/channels/telegram.go:198.2,199.16 2 1
github.com/clawinfra/evoclaw/internal/channels/telegram.go:199.16,201.3 1 0
github.com/clawinfra/evoclaw/internal/channels/telegram.go:202.2,204.38 2 1
github.com/clawinfra/evoclaw/internal/channels/telegram.go:204.38,207.3 2 1
github.com/clawinfra/evoclaw/internal/channels/telegram.go:209.2,214.67 2 1
github.com/clawinfra/evoclaw/internal/channels/telegram.go:214.67,216.3 1 0
github.com/clawinfra/evoclaw/internal/channels/telegram.go:218.2,218.16 1 1
github.com/clawinfra/evoclaw/internal/channels/telegram.go:218.16,220.3 1 1
github.com/clawinfra/evoclaw/internal/channels/telegram.go:223.2,223.39 1 1
github.com/clawinfra/evoclaw/internal/channels/telegram.go:223.39,225.41 1 1
github.com/clawinfra/evoclaw/internal/channels/telegram.go:225.41,227.4 1 1
github.com/clawinfra/evoclaw/internal/channels/telegram.go:230.3,230.57 1 1
github.com/clawinfra/evoclaw/internal/channels/telegram.go:230.57,231.12 1 1
github.com/clawinfra/evoclaw/internal/channels/telegram.go:234.3,248.43 2 1
github.com/clawinfra/evoclaw/internal/channels/telegram.go:248.43,250.4 1 1
github.com/clawinfra/evoclaw/internal/channels/telegram.go:252.3,252.10 1 1
github.com/clawinfra/evoclaw/internal/channels/telegram.go:253.23,258.5 1 1
github.com/clawinfra/evoclaw/internal/channels/telegram.go:259.23,260.14 1 0
github.com/clawinfra/evoclaw/internal/channels/telegram.go:264.2,264.12 1 1
